Solid Edge Translation to STL
Date: Friday,August 31,2018 09:47AM
Source File:C:\Users\mqm\Desktop\CAD_files\1x4_version\wall_plain_with_blocking_on_left.asm
Output File: C:\Users\mqm\Desktop\CAD_files\1x4_version\wall_plain_with_blocking_on_left.stl
Source System: SOLID EDGE

Hardware:
Processor: Intel(R) Core(TM) i7-6700K CPU @ 4.00GHz
Operating System: Windows 7 Professional Service Pack 1
Memory: 9.87 GB

Software Information:
Parasolid Version: 30.1.256
Bodyshop Version: 30.1.94
Solid Edge Version: 219.00.00.091 x64

STL Export Options:
Output File Format:BINARY
Export Displayed Parts:Off
structureOption: Monolithic
Export Units:Inch
Export Tolerance Value:0.050000
Export Tolerance Type:Custom
Export Surface Plane Angle Value:0.523599

Translation progress:
Phase 1 of 2 Fetching Parasolid information...
Phase 2 of 2 Translating Parasolid to foreign data types...
Number of STL file Created : 1
Translation process completed
Time required to translate:00 : 00 : 00
